<?xml version="1.0" encoding="UTF-8"?>
<!-- Generated by org.testng.reporters.JUnitReportReporter -->
<testsuite hostname="DESKTOP-V215THB" failures="0" tests="1" name="testCases.MainScriptTest" time="7.227" errors="0" timestamp="2022-11-07T20:51:22 IST" skipped="0">
  <testcase classname="testCases.MainScriptTest" name="searchForItems" time="7.227"/>
  <system-out/>
</testsuite> <!-- testCases.MainScriptTest -->
