<?xml version="1.0" encoding="UTF-8"?>
<!-- Generated by org.testng.reporters.JUnitReportReporter -->
<testsuite hostname="DESKTOP-V215THB" failures="0" tests="1" name="testCases.TestCase_04_AddItemToCart" time="70.384" errors="0" timestamp="2022-12-12T12:12:09 IST" skipped="0">
  <testcase classname="testCases.TestCase_04_AddItemToCart" name="addWomenClothingItemToCart" time="70.384"/>
  <system-out/>
</testsuite> <!-- testCases.TestCase_04_AddItemToCart -->
