<?xml version="1.0" encoding="UTF-8"?>
<!-- Generated by org.testng.reporters.JUnitReportReporter -->
<testsuite hostname="DESKTOP-V215THB" failures="0" tests="1" name="testCases.TestCase_03_CreateAccount" time="17.545" errors="0" timestamp="2022-12-12T12:12:09 IST" skipped="0">
  <testcase classname="testCases.TestCase_03_CreateAccount" name="createAccountForNewUser" time="17.545"/>
  <system-out/>
</testsuite> <!-- testCases.TestCase_03_CreateAccount -->
